{"/Users/volodyaskalskyi/Documents/projects/kursova-oop/frontend/src/App.tsx": {"path":"/Users/volodyaskalskyi/Documents/projects/kursova-oop/frontend/src/App.tsx","statementMap":{"0":{"start":{"line":10,"column":14},"end":{"line":19,"column":2}},"1":{"start":{"line":22,"column":2},"end":{"line":37,"column":4}}},"fnMap":{"0":{"name":"App","decl":{"start":{"line":21,"column":9},"end":{"line":21,"column":12}},"loc":{"start":{"line":21,"column":15},"end":{"line":38,"column":1}},"line":21}},"branchMap":{},"s":{"0":0,"1":0},"f":{"0":0},"b":{}}
,"/Users/volodyaskalskyi/Documents/projects/kursova-oop/frontend/src/index.tsx": {"path":"/Users/volodyaskalskyi/Documents/projects/kursova-oop/frontend/src/index.tsx","statementMap":{"0":{"start":{"line":5,"column":13},"end":{"line":7,"column":1}},"1":{"start":{"line":9,"column":0},"end":{"line":13,"column":2}}},"fnMap":{},"branchMap":{},"s":{"0":0,"1":0},"f":{},"b":{}}
,"/Users/volodyaskalskyi/Documents/projects/kursova-oop/frontend/src/components/Layout.tsx": {"path":"/Users/volodyaskalskyi/Documents/projects/kursova-oop/frontend/src/components/Layout.tsx","statementMap":{"0":{"start":{"line":13,"column":20},"end":{"line":13,"column":23}},"1":{"start":{"line":19,"column":38},"end":{"line":94,"column":1}},"2":{"start":{"line":20,"column":19},"end":{"line":20,"column":32}},"3":{"start":{"line":21,"column":19},"end":{"line":21,"column":32}},"4":{"start":{"line":23,"column":20},"end":{"line":28,"column":3}},"5":{"start":{"line":30,"column":27},"end":{"line":32,"column":3}},"6":{"start":{"line":31,"column":4},"end":{"line":31,"column":19}},"7":{"start":{"line":35,"column":4},"end":{"line":61,"column":10}},"8":{"start":{"line":38,"column":10},"end":{"line":58,"column":21}},"9":{"start":{"line":41,"column":27},"end":{"line":41,"column":54}},"10":{"start":{"line":64,"column":2},"end":{"line":93,"column":4}}},"fnMap":{"0":{"name":"(anonymous_0)","decl":{"start":{"line":19,"column":38},"end":{"line":19,"column":39}},"loc":{"start":{"line":19,"column":56},"end":{"line":94,"column":1}},"line":19},"1":{"name":"(anonymous_1)","decl":{"start":{"line":30,"column":27},"end":{"line":30,"column":28}},"loc":{"start":{"line":30,"column":45},"end":{"line":32,"column":3}},"line":30},"2":{"name":"(anonymous_2)","decl":{"start":{"line":37,"column":23},"end":{"line":37,"column":24}},"loc":{"start":{"line":38,"column":10},"end":{"line":58,"column":21}},"line":38},"3":{"name":"(anonymous_3)","decl":{"start":{"line":41,"column":21},"end":{"line":41,"column":22}},"loc":{"start":{"line":41,"column":27},"end":{"line":41,"column":54}},"line":41}},"branchMap":{},"s":{"0":0,"1":0,"2":0,"3":0,"4":0,"5":0,"6":0,"7":0,"8":0,"9":0,"10":0},"f":{"0":0,"1":0,"2":0,"3":0},"b":{}}
,"/Users/volodyaskalskyi/Documents/projects/kursova-oop/frontend/src/pages/PaymentSimulationPage.tsx": {"path":"/Users/volodyaskalskyi/Documents/projects/kursova-oop/frontend/src/pages/PaymentSimulationPage.tsx","statementMap":{"0":{"start":{"line":28,"column":40},"end":{"line":264,"column":1}},"1":{"start":{"line":29,"column":28},"end":{"line":29,"column":48}},"2":{"start":{"line":30,"column":28},"end":{"line":30,"column":60}},"3":{"start":{"line":31,"column":42},"end":{"line":31,"column":62}},"4":{"start":{"line":32,"column":42},"end":{"line":32,"column":62}},"5":{"start":{"line":33,"column":30},"end":{"line":33,"column":49}},"6":{"start":{"line":34,"column":32},"end":{"line":34,"column":47}},"7":{"start":{"line":35,"column":46},"end":{"line":35,"column":61}},"8":{"start":{"line":37,"column":19},"end":{"line":44,"column":8}},"9":{"start":{"line":38,"column":35},"end":{"line":41,"column":6}},"10":{"start":{"line":42,"column":4},"end":{"line":42,"column":24}},"11":{"start":{"line":43,"column":4},"end":{"line":43,"column":24}},"12":{"start":{"line":46,"column":2},"end":{"line":48,"column":17}},"13":{"start":{"line":47,"column":4},"end":{"line":47,"column":15}},"14":{"start":{"line":50,"column":2},"end":{"line":57,"column":28}},"15":{"start":{"line":51,"column":4},"end":{"line":56,"column":5}},"16":{"start":{"line":52,"column":19},"end":{"line":52,"column":59}},"17":{"start":{"line":52,"column":37},"end":{"line":52,"column":58}},"18":{"start":{"line":53,"column":6},"end":{"line":55,"column":7}},"19":{"start":{"line":54,"column":8},"end":{"line":54,"column":30}},"20":{"start":{"line":59,"column":24},"end":{"line":80,"column":3}},"21":{"start":{"line":60,"column":4},"end":{"line":60,"column":47}},"22":{"start":{"line":60,"column":40},"end":{"line":60,"column":47}},"23":{"start":{"line":62,"column":4},"end":{"line":62,"column":21}},"24":{"start":{"line":63,"column":43},"end":{"line":67,"column":5}},"25":{"start":{"line":69,"column":4},"end":{"line":69,"column":43}},"26":{"start":{"line":70,"column":4},"end":{"line":70,"column":28}},"27":{"start":{"line":72,"column":4},"end":{"line":77,"column":13}},"28":{"start":{"line":73,"column":6},"end":{"line":73,"column":26}},"29":{"start":{"line":74,"column":6},"end":{"line":74,"column":26}},"30":{"start":{"line":75,"column":6},"end":{"line":75,"column":19}},"31":{"start":{"line":76,"column":6},"end":{"line":76,"column":31}},"32":{"start":{"line":79,"column":4},"end":{"line":79,"column":22}},"33":{"start":{"line":82,"column":27},"end":{"line":82,"column":70}},"34":{"start":{"line":82,"column":45},"end":{"line":82,"column":69}},"35":{"start":{"line":83,"column":27},"end":{"line":83,"column":67}},"36":{"start":{"line":83,"column":45},"end":{"line":83,"column":66}},"37":{"start":{"line":85,"column":2},"end":{"line":263,"column":4}},"38":{"start":{"line":111,"column":39},"end":{"line":111,"column":70}},"39":{"start":{"line":114,"column":24},"end":{"line":121,"column":35}},"40":{"start":{"line":133,"column":39},"end":{"line":133,"column":70}},"41":{"start":{"line":136,"column":24},"end":{"line":144,"column":35}},"42":{"start":{"line":156,"column":37},"end":{"line":156,"column":79}}},"fnMap":{"0":{"name":"(anonymous_0)","decl":{"start":{"line":28,"column":40},"end":{"line":28,"column":41}},"loc":{"start":{"line":28,"column":46},"end":{"line":264,"column":1}},"line":28},"1":{"name":"(anonymous_1)","decl":{"start":{"line":37,"column":37},"end":{"line":37,"column":38}},"loc":{"start":{"line":37,"column":49},"end":{"line":44,"column":3}},"line":37},"2":{"name":"(anonymous_2)","decl":{"start":{"line":46,"column":12},"end":{"line":46,"column":13}},"loc":{"start":{"line":46,"column":18},"end":{"line":48,"column":3}},"line":46},"3":{"name":"(anonymous_3)","decl":{"start":{"line":50,"column":12},"end":{"line":50,"column":13}},"loc":{"start":{"line":50,"column":18},"end":{"line":57,"column":3}},"line":50},"4":{"name":"(anonymous_4)","decl":{"start":{"line":52,"column":30},"end":{"line":52,"column":31}},"loc":{"start":{"line":52,"column":37},"end":{"line":52,"column":58}},"line":52},"5":{"name":"(anonymous_5)","decl":{"start":{"line":59,"column":24},"end":{"line":59,"column":25}},"loc":{"start":{"line":59,"column":36},"end":{"line":80,"column":3}},"line":59},"6":{"name":"(anonymous_6)","decl":{"start":{"line":72,"column":15},"end":{"line":72,"column":16}},"loc":{"start":{"line":72,"column":21},"end":{"line":77,"column":5}},"line":72},"7":{"name":"(anonymous_7)","decl":{"start":{"line":82,"column":38},"end":{"line":82,"column":39}},"loc":{"start":{"line":82,"column":45},"end":{"line":82,"column":69}},"line":82},"8":{"name":"(anonymous_8)","decl":{"start":{"line":83,"column":38},"end":{"line":83,"column":39}},"loc":{"start":{"line":83,"column":45},"end":{"line":83,"column":66}},"line":83},"9":{"name":"(anonymous_9)","decl":{"start":{"line":111,"column":32},"end":{"line":111,"column":33}},"loc":{"start":{"line":111,"column":39},"end":{"line":111,"column":70}},"line":111},"10":{"name":"(anonymous_10)","decl":{"start":{"line":113,"column":33},"end":{"line":113,"column":34}},"loc":{"start":{"line":114,"column":24},"end":{"line":121,"column":35}},"line":114},"11":{"name":"(anonymous_11)","decl":{"start":{"line":133,"column":32},"end":{"line":133,"column":33}},"loc":{"start":{"line":133,"column":39},"end":{"line":133,"column":70}},"line":133},"12":{"name":"(anonymous_12)","decl":{"start":{"line":135,"column":33},"end":{"line":135,"column":34}},"loc":{"start":{"line":136,"column":24},"end":{"line":144,"column":35}},"line":136},"13":{"name":"(anonymous_13)","decl":{"start":{"line":156,"column":30},"end":{"line":156,"column":31}},"loc":{"start":{"line":156,"column":37},"end":{"line":156,"column":79}},"line":156}},"branchMap":{"0":{"loc":{"start":{"line":51,"column":4},"end":{"line":56,"column":5}},"type":"if","locations":[{"start":{"line":51,"column":4},"end":{"line":56,"column":5}},{"start":{},"end":{}}],"line":51},"1":{"loc":{"start":{"line":53,"column":6},"end":{"line":55,"column":7}},"type":"if","locations":[{"start":{"line":53,"column":6},"end":{"line":55,"column":7}},{"start":{},"end":{}}],"line":53},"2":{"loc":{"start":{"line":60,"column":4},"end":{"line":60,"column":47}},"type":"if","locations":[{"start":{"line":60,"column":4},"end":{"line":60,"column":47}},{"start":{},"end":{}}],"line":60},"3":{"loc":{"start":{"line":60,"column":8},"end":{"line":60,"column":38}},"type":"binary-expr","locations":[{"start":{"line":60,"column":8},"end":{"line":60,"column":21}},{"start":{"line":60,"column":25},"end":{"line":60,"column":38}}],"line":60},"4":{"loc":{"start":{"line":141,"column":31},"end":{"line":141,"column":75}},"type":"cond-expr","locations":[{"start":{"line":141,"column":59},"end":{"line":141,"column":67}},{"start":{"line":141,"column":70},"end":{"line":141,"column":75}}],"line":141},"5":{"loc":{"start":{"line":156,"column":47},"end":{"line":156,"column":78}},"type":"binary-expr","locations":[{"start":{"line":156,"column":47},"end":{"line":156,"column":73}},{"start":{"line":156,"column":77},"end":{"line":156,"column":78}}],"line":156},"6":{"loc":{"start":{"line":171,"column":28},"end":{"line":171,"column":69}},"type":"binary-expr","locations":[{"start":{"line":171,"column":28},"end":{"line":171,"column":35}},{"start":{"line":171,"column":39},"end":{"line":171,"column":52}},{"start":{"line":171,"column":56},"end":{"line":171,"column":69}}],"line":171},"7":{"loc":{"start":{"line":173,"column":20},"end":{"line":173,"column":77}},"type":"cond-expr","locations":[{"start":{"line":173,"column":30},"end":{"line":173,"column":60}},{"start":{"line":173,"column":63},"end":{"line":173,"column":77}}],"line":173},"8":{"loc":{"start":{"line":176,"column":19},"end":{"line":176,"column":61}},"type":"cond-expr","locations":[{"start":{"line":176,"column":29},"end":{"line":176,"column":41}},{"start":{"line":176,"column":44},"end":{"line":176,"column":61}}],"line":176},"9":{"loc":{"start":{"line":190,"column":15},"end":{"line":203,"column":15}},"type":"binary-expr","locations":[{"start":{"line":190,"column":15},"end":{"line":190,"column":31}},{"start":{"line":191,"column":16},"end":{"line":202,"column":22}}],"line":190},"10":{"loc":{"start":{"line":205,"column":15},"end":{"line":230,"column":15}},"type":"binary-expr","locations":[{"start":{"line":205,"column":15},"end":{"line":205,"column":31}},{"start":{"line":206,"column":16},"end":{"line":229,"column":22}}],"line":205},"11":{"loc":{"start":{"line":217,"column":24},"end":{"line":219,"column":37}},"type":"cond-expr","locations":[{"start":{"line":218,"column":28},"end":{"line":218,"column":39}},{"start":{"line":219,"column":28},"end":{"line":219,"column":37}}],"line":217},"12":{"loc":{"start":{"line":223,"column":24},"end":{"line":225,"column":39}},"type":"cond-expr","locations":[{"start":{"line":224,"column":28},"end":{"line":224,"column":37}},{"start":{"line":225,"column":28},"end":{"line":225,"column":39}}],"line":223},"13":{"loc":{"start":{"line":245,"column":15},"end":{"line":257,"column":15}},"type":"binary-expr","locations":[{"start":{"line":245,"column":15},"end":{"line":245,"column":29}},{"start":{"line":246,"column":16},"end":{"line":256,"column":22}}],"line":245}},"s":{"0":0,"1":0,"2":0,"3":0,"4":0,"5":0,"6":0,"7":0,"8":0,"9":0,"10":0,"11":0,"12":0,"13":0,"14":0,"15":0,"16":0,"17":0,"18":0,"19":0,"20":0,"21":0,"22":0,"23":0,"24":0,"25":0,"26":0,"27":0,"28":0,"29":0,"30":0,"31":0,"32":0,"33":0,"34":0,"35":0,"36":0,"37":0,"38":0,"39":0,"40":0,"41":0,"42":0},"f":{"0":0,"1":0,"2":0,"3":0,"4":0,"5":0,"6":0,"7":0,"8":0,"9":0,"10":0,"11":0,"12":0,"13":0},"b":{"0":[0,0],"1":[0,0],"2":[0,0],"3":[0,0],"4":[0,0],"5":[0,0],"6":[0,0,0],"7":[0,0],"8":[0,0],"9":[0,0],"10":[0,0],"11":[0,0],"12":[0,0],"13":[0,0]}}
,"/Users/volodyaskalskyi/Documents/projects/kursova-oop/frontend/src/pages/PlansPage.tsx": {"path":"/Users/volodyaskalskyi/Documents/projects/kursova-oop/frontend/src/pages/PlansPage.tsx","statementMap":{"0":{"start":{"line":25,"column":28},"end":{"line":261,"column":1}},"1":{"start":{"line":26,"column":28},"end":{"line":26,"column":60}},"2":{"start":{"line":27,"column":32},"end":{"line":27,"column":46}},"3":{"start":{"line":28,"column":38},"end":{"line":28,"column":53}},"4":{"start":{"line":29,"column":40},"end":{"line":29,"column":79}},"5":{"start":{"line":30,"column":34},"end":{"line":34,"column":4}},"6":{"start":{"line":36,"column":20},"end":{"line":41,"column":8}},"7":{"start":{"line":37,"column":4},"end":{"line":37,"column":21}},"8":{"start":{"line":38,"column":17},"end":{"line":38,"column":40}},"9":{"start":{"line":39,"column":4},"end":{"line":39,"column":19}},"10":{"start":{"line":40,"column":4},"end":{"line":40,"column":22}},"11":{"start":{"line":43,"column":2},"end":{"line":45,"column":18}},"12":{"start":{"line":44,"column":4},"end":{"line":44,"column":16}},"13":{"start":{"line":47,"column":27},"end":{"line":60,"column":3}},"14":{"start":{"line":48,"column":4},"end":{"line":58,"column":5}},"15":{"start":{"line":49,"column":6},"end":{"line":49,"column":27}},"16":{"start":{"line":50,"column":6},"end":{"line":54,"column":9}},"17":{"start":{"line":56,"column":6},"end":{"line":56,"column":27}},"18":{"start":{"line":57,"column":6},"end":{"line":57,"column":62}},"19":{"start":{"line":59,"column":4},"end":{"line":59,"column":24}},"20":{"start":{"line":62,"column":28},"end":{"line":66,"column":3}},"21":{"start":{"line":63,"column":4},"end":{"line":63,"column":25}},"22":{"start":{"line":64,"column":4},"end":{"line":64,"column":25}},"23":{"start":{"line":65,"column":4},"end":{"line":65,"column":60}},"24":{"start":{"line":68,"column":23},"end":{"line":82,"column":3}},"25":{"start":{"line":69,"column":21},"end":{"line":73,"column":5}},"26":{"start":{"line":75,"column":4},"end":{"line":79,"column":5}},"27":{"start":{"line":76,"column":6},"end":{"line":76,"column":54}},"28":{"start":{"line":78,"column":6},"end":{"line":78,"column":38}},"29":{"start":{"line":80,"column":4},"end":{"line":80,"column":24}},"30":{"start":{"line":81,"column":4},"end":{"line":81,"column":16}},"31":{"start":{"line":84,"column":23},"end":{"line":89,"column":3}},"32":{"start":{"line":85,"column":4},"end":{"line":88,"column":5}},"33":{"start":{"line":86,"column":6},"end":{"line":86,"column":32}},"34":{"start":{"line":87,"column":6},"end":{"line":87,"column":18}},"35":{"start":{"line":91,"column":24},"end":{"line":93,"column":3}},"36":{"start":{"line":92,"column":4},"end":{"line":92,"column":51}},"37":{"start":{"line":95,"column":24},"end":{"line":103,"column":3}},"38":{"start":{"line":96,"column":4},"end":{"line":102,"column":6}},"39":{"start":{"line":105,"column":2},"end":{"line":116,"column":3}},"40":{"start":{"line":106,"column":4},"end":{"line":115,"column":6}},"41":{"start":{"line":118,"column":2},"end":{"line":260,"column":4}},"42":{"start":{"line":132,"column":25},"end":{"line":132,"column":43}},"43":{"start":{"line":140,"column":10},"end":{"line":199,"column":17}},"44":{"start":{"line":184,"column":33},"end":{"line":184,"column":55}},"45":{"start":{"line":193,"column":33},"end":{"line":193,"column":54}},"46":{"start":{"line":220,"column":29},"end":{"line":220,"column":79}},"47":{"start":{"line":231,"column":14},"end":{"line":231,"column":65}},"48":{"start":{"line":241,"column":16},"end":{"line":244,"column":18}}},"fnMap":{"0":{"name":"(anonymous_0)","decl":{"start":{"line":25,"column":28},"end":{"line":25,"column":29}},"loc":{"start":{"line":25,"column":34},"end":{"line":261,"column":1}},"line":25},"1":{"name":"(anonymous_1)","decl":{"start":{"line":36,"column":38},"end":{"line":36,"column":39}},"loc":{"start":{"line":36,"column":50},"end":{"line":41,"column":3}},"line":36},"2":{"name":"(anonymous_2)","decl":{"start":{"line":43,"column":12},"end":{"line":43,"column":13}},"loc":{"start":{"line":43,"column":18},"end":{"line":45,"column":3}},"line":43},"3":{"name":"(anonymous_3)","decl":{"start":{"line":47,"column":27},"end":{"line":47,"column":28}},"loc":{"start":{"line":47,"column":56},"end":{"line":60,"column":3}},"line":47},"4":{"name":"(anonymous_4)","decl":{"start":{"line":62,"column":28},"end":{"line":62,"column":29}},"loc":{"start":{"line":62,"column":34},"end":{"line":66,"column":3}},"line":62},"5":{"name":"(anonymous_5)","decl":{"start":{"line":68,"column":23},"end":{"line":68,"column":24}},"loc":{"start":{"line":68,"column":35},"end":{"line":82,"column":3}},"line":68},"6":{"name":"(anonymous_6)","decl":{"start":{"line":84,"column":23},"end":{"line":84,"column":24}},"loc":{"start":{"line":84,"column":45},"end":{"line":89,"column":3}},"line":84},"7":{"name":"(anonymous_7)","decl":{"start":{"line":91,"column":24},"end":{"line":91,"column":25}},"loc":{"start":{"line":91,"column":44},"end":{"line":93,"column":3}},"line":91},"8":{"name":"(anonymous_8)","decl":{"start":{"line":95,"column":24},"end":{"line":95,"column":25}},"loc":{"start":{"line":95,"column":44},"end":{"line":103,"column":3}},"line":95},"9":{"name":"(anonymous_9)","decl":{"start":{"line":132,"column":19},"end":{"line":132,"column":20}},"loc":{"start":{"line":132,"column":25},"end":{"line":132,"column":43}},"line":132},"10":{"name":"(anonymous_10)","decl":{"start":{"line":139,"column":19},"end":{"line":139,"column":20}},"loc":{"start":{"line":140,"column":10},"end":{"line":199,"column":17}},"line":140},"11":{"name":"(anonymous_11)","decl":{"start":{"line":184,"column":27},"end":{"line":184,"column":28}},"loc":{"start":{"line":184,"column":33},"end":{"line":184,"column":55}},"line":184},"12":{"name":"(anonymous_12)","decl":{"start":{"line":193,"column":27},"end":{"line":193,"column":28}},"loc":{"start":{"line":193,"column":33},"end":{"line":193,"column":54}},"line":193},"13":{"name":"(anonymous_13)","decl":{"start":{"line":220,"column":22},"end":{"line":220,"column":23}},"loc":{"start":{"line":220,"column":29},"end":{"line":220,"column":79}},"line":220},"14":{"name":"(anonymous_14)","decl":{"start":{"line":230,"column":22},"end":{"line":230,"column":23}},"loc":{"start":{"line":231,"column":14},"end":{"line":231,"column":65}},"line":231},"15":{"name":"(anonymous_15)","decl":{"start":{"line":240,"column":24},"end":{"line":240,"column":25}},"loc":{"start":{"line":241,"column":16},"end":{"line":244,"column":18}},"line":241}},"branchMap":{"0":{"loc":{"start":{"line":48,"column":4},"end":{"line":58,"column":5}},"type":"if","locations":[{"start":{"line":48,"column":4},"end":{"line":58,"column":5}},{"start":{"line":55,"column":11},"end":{"line":58,"column":5}}],"line":48},"1":{"loc":{"start":{"line":75,"column":4},"end":{"line":79,"column":5}},"type":"if","locations":[{"start":{"line":75,"column":4},"end":{"line":79,"column":5}},{"start":{"line":77,"column":11},"end":{"line":79,"column":5}}],"line":75},"2":{"loc":{"start":{"line":85,"column":4},"end":{"line":88,"column":5}},"type":"if","locations":[{"start":{"line":85,"column":4},"end":{"line":88,"column":5}},{"start":{},"end":{}}],"line":85},"3":{"loc":{"start":{"line":92,"column":11},"end":{"line":92,"column":50}},"type":"cond-expr","locations":[{"start":{"line":92,"column":34},"end":{"line":92,"column":42}},{"start":{"line":92,"column":45},"end":{"line":92,"column":50}}],"line":92},"4":{"loc":{"start":{"line":99,"column":15},"end":{"line":99,"column":61}},"type":"cond-expr","locations":[{"start":{"line":99,"column":38},"end":{"line":99,"column":47}},{"start":{"line":99,"column":50},"end":{"line":99,"column":61}}],"line":99},"5":{"loc":{"start":{"line":105,"column":2},"end":{"line":116,"column":3}},"type":"if","locations":[{"start":{"line":105,"column":2},"end":{"line":116,"column":3}},{"start":{},"end":{}}],"line":105},"6":{"loc":{"start":{"line":172,"column":19},"end":{"line":176,"column":46}},"type":"cond-expr","locations":[{"start":{"line":173,"column":22},"end":{"line":173,"column":57}},{"start":{"line":174,"column":22},"end":{"line":176,"column":46}}],"line":172},"7":{"loc":{"start":{"line":210,"column":11},"end":{"line":210,"column":64}},"type":"cond-expr","locations":[{"start":{"line":210,"column":25},"end":{"line":210,"column":42}},{"start":{"line":210,"column":45},"end":{"line":210,"column":64}}],"line":210},"8":{"loc":{"start":{"line":255,"column":13},"end":{"line":255,"column":49}},"type":"cond-expr","locations":[{"start":{"line":255,"column":27},"end":{"line":255,"column":36}},{"start":{"line":255,"column":39},"end":{"line":255,"column":49}}],"line":255}},"s":{"0":1,"1":103,"2":103,"3":103,"4":103,"5":103,"6":103,"7":24,"8":24,"9":23,"10":23,"11":103,"12":20,"13":103,"14":6,"15":2,"16":2,"17":4,"18":4,"19":6,"20":103,"21":4,"22":4,"23":4,"24":103,"25":3,"26":3,"27":1,"28":2,"29":3,"30":3,"31":103,"32":2,"33":1,"34":1,"35":103,"36":167,"37":103,"38":167,"39":103,"40":20,"41":83,"42":4,"43":167,"44":2,"45":2,"46":42,"47":11,"48":0},"f":{"0":103,"1":24,"2":20,"3":6,"4":4,"5":3,"6":2,"7":167,"8":167,"9":4,"10":167,"11":2,"12":2,"13":42,"14":11,"15":0},"b":{"0":[2,4],"1":[1,2],"2":[1,1],"3":[84,83],"4":[84,83],"5":[20,83],"6":[84,83],"7":[25,58],"8":[25,58]},"_coverageSchema":"1a1c01bbd47fc00a2c39e90264f33305004495a9","hash":"af61ecb99c1529edbe8d7e3f548be78e4eac0139"}
,"/Users/volodyaskalskyi/Documents/projects/kursova-oop/frontend/src/pages/StatisticsPage.tsx": {"path":"/Users/volodyaskalskyi/Documents/projects/kursova-oop/frontend/src/pages/StatisticsPage.tsx","statementMap":{"0":{"start":{"line":23,"column":33},"end":{"line":152,"column":1}},"1":{"start":{"line":24,"column":42},"end":{"line":24,"column":69}},"2":{"start":{"line":25,"column":32},"end":{"line":25,"column":46}},"3":{"start":{"line":27,"column":27},"end":{"line":32,"column":8}},"4":{"start":{"line":28,"column":4},"end":{"line":28,"column":21}},"5":{"start":{"line":29,"column":17},"end":{"line":29,"column":51}},"6":{"start":{"line":30,"column":4},"end":{"line":30,"column":26}},"7":{"start":{"line":31,"column":4},"end":{"line":31,"column":22}},"8":{"start":{"line":34,"column":2},"end":{"line":36,"column":25}},"9":{"start":{"line":35,"column":4},"end":{"line":35,"column":23}},"10":{"start":{"line":38,"column":2},"end":{"line":50,"column":3}},"11":{"start":{"line":39,"column":4},"end":{"line":49,"column":6}},"12":{"start":{"line":52,"column":2},"end":{"line":70,"column":3}},"13":{"start":{"line":53,"column":4},"end":{"line":69,"column":6}},"14":{"start":{"line":73,"column":23},"end":{"line":85,"column":61}},"15":{"start":{"line":74,"column":17},"end":{"line":74,"column":43}},"16":{"start":{"line":75,"column":19},"end":{"line":75,"column":51}},"17":{"start":{"line":77,"column":4},"end":{"line":79,"column":5}},"18":{"start":{"line":78,"column":6},"end":{"line":78,"column":44}},"19":{"start":{"line":81,"column":4},"end":{"line":81,"column":27}},"20":{"start":{"line":82,"column":4},"end":{"line":82,"column":45}},"21":{"start":{"line":84,"column":4},"end":{"line":84,"column":15}},"22":{"start":{"line":87,"column":20},"end":{"line":96,"column":7}},"23":{"start":{"line":88,"column":24},"end":{"line":88,"column":69}},"24":{"start":{"line":89,"column":27},"end":{"line":96,"column":5}},"25":{"start":{"line":98,"column":2},"end":{"line":151,"column":4}},"26":{"start":{"line":119,"column":50},"end":{"line":124,"column":23}}},"fnMap":{"0":{"name":"(anonymous_0)","decl":{"start":{"line":23,"column":33},"end":{"line":23,"column":34}},"loc":{"start":{"line":23,"column":39},"end":{"line":152,"column":1}},"line":23},"1":{"name":"(anonymous_1)","decl":{"start":{"line":27,"column":45},"end":{"line":27,"column":46}},"loc":{"start":{"line":27,"column":57},"end":{"line":32,"column":3}},"line":27},"2":{"name":"(anonymous_2)","decl":{"start":{"line":34,"column":12},"end":{"line":34,"column":13}},"loc":{"start":{"line":34,"column":18},"end":{"line":36,"column":3}},"line":34},"3":{"name":"(anonymous_3)","decl":{"start":{"line":73,"column":43},"end":{"line":73,"column":44}},"loc":{"start":{"line":73,"column":65},"end":{"line":85,"column":3}},"line":73},"4":{"name":"(anonymous_4)","decl":{"start":{"line":88,"column":10},"end":{"line":88,"column":11}},"loc":{"start":{"line":88,"column":24},"end":{"line":88,"column":69}},"line":88},"5":{"name":"(anonymous_5)","decl":{"start":{"line":89,"column":9},"end":{"line":89,"column":10}},"loc":{"start":{"line":89,"column":27},"end":{"line":96,"column":5}},"line":89},"6":{"name":"(anonymous_6)","decl":{"start":{"line":119,"column":33},"end":{"line":119,"column":34}},"loc":{"start":{"line":119,"column":50},"end":{"line":124,"column":23}},"line":119}},"branchMap":{"0":{"loc":{"start":{"line":38,"column":2},"end":{"line":50,"column":3}},"type":"if","locations":[{"start":{"line":38,"column":2},"end":{"line":50,"column":3}},{"start":{},"end":{}}],"line":38},"1":{"loc":{"start":{"line":52,"column":2},"end":{"line":70,"column":3}},"type":"if","locations":[{"start":{"line":52,"column":2},"end":{"line":70,"column":3}},{"start":{},"end":{}}],"line":52},"2":{"loc":{"start":{"line":52,"column":6},"end":{"line":52,"column":48}},"type":"binary-expr","locations":[{"start":{"line":52,"column":6},"end":{"line":52,"column":19}},{"start":{"line":52,"column":23},"end":{"line":52,"column":48}}],"line":52},"3":{"loc":{"start":{"line":77,"column":4},"end":{"line":79,"column":5}},"type":"if","locations":[{"start":{"line":77,"column":4},"end":{"line":79,"column":5}},{"start":{},"end":{}}],"line":77},"4":{"loc":{"start":{"line":120,"column":24},"end":{"line":122,"column":65}},"type":"cond-expr","locations":[{"start":{"line":121,"column":28},"end":{"line":121,"column":33}},{"start":{"line":122,"column":28},"end":{"line":122,"column":65}}],"line":120},"5":{"loc":{"start":{"line":123,"column":24},"end":{"line":123,"column":63}},"type":"cond-expr","locations":[{"start":{"line":123,"column":43},"end":{"line":123,"column":54}},{"start":{"line":123,"column":57},"end":{"line":123,"column":63}}],"line":123}},"s":{"0":0,"1":0,"2":0,"3":0,"4":0,"5":0,"6":0,"7":0,"8":0,"9":0,"10":0,"11":0,"12":0,"13":0,"14":0,"15":0,"16":0,"17":0,"18":0,"19":0,"20":0,"21":0,"22":0,"23":0,"24":0,"25":0,"26":0},"f":{"0":0,"1":0,"2":0,"3":0,"4":0,"5":0,"6":0},"b":{"0":[0,0],"1":[0,0],"2":[0,0],"3":[0,0],"4":[0,0],"5":[0,0]}}
,"/Users/volodyaskalskyi/Documents/projects/kursova-oop/frontend/src/pages/UsersPage.tsx": {"path":"/Users/volodyaskalskyi/Documents/projects/kursova-oop/frontend/src/pages/UsersPage.tsx","statementMap":{"0":{"start":{"line":25,"column":28},"end":{"line":217,"column":1}},"1":{"start":{"line":26,"column":28},"end":{"line":26,"column":48}},"2":{"start":{"line":27,"column":32},"end":{"line":27,"column":46}},"3":{"start":{"line":28,"column":38},"end":{"line":28,"column":53}},"4":{"start":{"line":29,"column":40},"end":{"line":29,"column":67}},"5":{"start":{"line":30,"column":34},"end":{"line":30,"column":67}},"6":{"start":{"line":32,"column":20},"end":{"line":37,"column":8}},"7":{"start":{"line":33,"column":4},"end":{"line":33,"column":21}},"8":{"start":{"line":34,"column":17},"end":{"line":34,"column":40}},"9":{"start":{"line":35,"column":4},"end":{"line":35,"column":19}},"10":{"start":{"line":36,"column":4},"end":{"line":36,"column":22}},"11":{"start":{"line":39,"column":2},"end":{"line":41,"column":18}},"12":{"start":{"line":40,"column":4},"end":{"line":40,"column":16}},"13":{"start":{"line":43,"column":27},"end":{"line":52,"column":3}},"14":{"start":{"line":44,"column":4},"end":{"line":50,"column":5}},"15":{"start":{"line":45,"column":6},"end":{"line":45,"column":27}},"16":{"start":{"line":46,"column":6},"end":{"line":46,"column":58}},"17":{"start":{"line":48,"column":6},"end":{"line":48,"column":27}},"18":{"start":{"line":49,"column":6},"end":{"line":49,"column":43}},"19":{"start":{"line":51,"column":4},"end":{"line":51,"column":24}},"20":{"start":{"line":54,"column":28},"end":{"line":58,"column":3}},"21":{"start":{"line":55,"column":4},"end":{"line":55,"column":25}},"22":{"start":{"line":56,"column":4},"end":{"line":56,"column":25}},"23":{"start":{"line":57,"column":4},"end":{"line":57,"column":41}},"24":{"start":{"line":60,"column":23},"end":{"line":68,"column":3}},"25":{"start":{"line":61,"column":4},"end":{"line":65,"column":5}},"26":{"start":{"line":62,"column":6},"end":{"line":62,"column":54}},"27":{"start":{"line":64,"column":6},"end":{"line":64,"column":38}},"28":{"start":{"line":66,"column":4},"end":{"line":66,"column":24}},"29":{"start":{"line":67,"column":4},"end":{"line":67,"column":16}},"30":{"start":{"line":70,"column":23},"end":{"line":75,"column":3}},"31":{"start":{"line":71,"column":4},"end":{"line":74,"column":5}},"32":{"start":{"line":72,"column":6},"end":{"line":72,"column":32}},"33":{"start":{"line":73,"column":6},"end":{"line":73,"column":18}},"34":{"start":{"line":77,"column":24},"end":{"line":92,"column":3}},"35":{"start":{"line":78,"column":4},"end":{"line":80,"column":5}},"36":{"start":{"line":79,"column":6},"end":{"line":79,"column":72}},"37":{"start":{"line":82,"column":20},"end":{"line":82,"column":67}},"38":{"start":{"line":83,"column":21},"end":{"line":83,"column":41}},"39":{"start":{"line":85,"column":4},"end":{"line":91,"column":6}},"40":{"start":{"line":94,"column":21},"end":{"line":96,"column":3}},"41":{"start":{"line":95,"column":4},"end":{"line":95,"column":60}},"42":{"start":{"line":98,"column":2},"end":{"line":109,"column":3}},"43":{"start":{"line":99,"column":4},"end":{"line":108,"column":6}},"44":{"start":{"line":111,"column":2},"end":{"line":216,"column":4}},"45":{"start":{"line":125,"column":25},"end":{"line":125,"column":43}},"46":{"start":{"line":145,"column":14},"end":{"line":170,"column":25}},"47":{"start":{"line":157,"column":35},"end":{"line":157,"column":57}},"48":{"start":{"line":163,"column":35},"end":{"line":163,"column":56}},"49":{"start":{"line":193,"column":29},"end":{"line":193,"column":79}},"50":{"start":{"line":204,"column":14},"end":{"line":204,"column":65}}},"fnMap":{"0":{"name":"(anonymous_0)","decl":{"start":{"line":25,"column":28},"end":{"line":25,"column":29}},"loc":{"start":{"line":25,"column":34},"end":{"line":217,"column":1}},"line":25},"1":{"name":"(anonymous_1)","decl":{"start":{"line":32,"column":38},"end":{"line":32,"column":39}},"loc":{"start":{"line":32,"column":50},"end":{"line":37,"column":3}},"line":32},"2":{"name":"(anonymous_2)","decl":{"start":{"line":39,"column":12},"end":{"line":39,"column":13}},"loc":{"start":{"line":39,"column":18},"end":{"line":41,"column":3}},"line":39},"3":{"name":"(anonymous_3)","decl":{"start":{"line":43,"column":27},"end":{"line":43,"column":28}},"loc":{"start":{"line":43,"column":44},"end":{"line":52,"column":3}},"line":43},"4":{"name":"(anonymous_4)","decl":{"start":{"line":54,"column":28},"end":{"line":54,"column":29}},"loc":{"start":{"line":54,"column":34},"end":{"line":58,"column":3}},"line":54},"5":{"name":"(anonymous_5)","decl":{"start":{"line":60,"column":23},"end":{"line":60,"column":24}},"loc":{"start":{"line":60,"column":35},"end":{"line":68,"column":3}},"line":60},"6":{"name":"(anonymous_6)","decl":{"start":{"line":70,"column":23},"end":{"line":70,"column":24}},"loc":{"start":{"line":70,"column":45},"end":{"line":75,"column":3}},"line":70},"7":{"name":"(anonymous_7)","decl":{"start":{"line":77,"column":24},"end":{"line":77,"column":25}},"loc":{"start":{"line":77,"column":40},"end":{"line":92,"column":3}},"line":77},"8":{"name":"(anonymous_8)","decl":{"start":{"line":94,"column":21},"end":{"line":94,"column":22}},"loc":{"start":{"line":94,"column":45},"end":{"line":96,"column":3}},"line":94},"9":{"name":"(anonymous_9)","decl":{"start":{"line":125,"column":19},"end":{"line":125,"column":20}},"loc":{"start":{"line":125,"column":25},"end":{"line":125,"column":43}},"line":125},"10":{"name":"(anonymous_10)","decl":{"start":{"line":144,"column":23},"end":{"line":144,"column":24}},"loc":{"start":{"line":145,"column":14},"end":{"line":170,"column":25}},"line":145},"11":{"name":"(anonymous_11)","decl":{"start":{"line":157,"column":29},"end":{"line":157,"column":30}},"loc":{"start":{"line":157,"column":35},"end":{"line":157,"column":57}},"line":157},"12":{"name":"(anonymous_12)","decl":{"start":{"line":163,"column":29},"end":{"line":163,"column":30}},"loc":{"start":{"line":163,"column":35},"end":{"line":163,"column":56}},"line":163},"13":{"name":"(anonymous_13)","decl":{"start":{"line":193,"column":22},"end":{"line":193,"column":23}},"loc":{"start":{"line":193,"column":29},"end":{"line":193,"column":79}},"line":193},"14":{"name":"(anonymous_14)","decl":{"start":{"line":203,"column":22},"end":{"line":203,"column":23}},"loc":{"start":{"line":204,"column":14},"end":{"line":204,"column":65}},"line":204}},"branchMap":{"0":{"loc":{"start":{"line":44,"column":4},"end":{"line":50,"column":5}},"type":"if","locations":[{"start":{"line":44,"column":4},"end":{"line":50,"column":5}},{"start":{"line":47,"column":11},"end":{"line":50,"column":5}}],"line":44},"1":{"loc":{"start":{"line":61,"column":4},"end":{"line":65,"column":5}},"type":"if","locations":[{"start":{"line":61,"column":4},"end":{"line":65,"column":5}},{"start":{"line":63,"column":11},"end":{"line":65,"column":5}}],"line":61},"2":{"loc":{"start":{"line":71,"column":4},"end":{"line":74,"column":5}},"type":"if","locations":[{"start":{"line":71,"column":4},"end":{"line":74,"column":5}},{"start":{},"end":{}}],"line":71},"3":{"loc":{"start":{"line":78,"column":4},"end":{"line":80,"column":5}},"type":"if","locations":[{"start":{"line":78,"column":4},"end":{"line":80,"column":5}},{"start":{},"end":{}}],"line":78},"4":{"loc":{"start":{"line":87,"column":15},"end":{"line":87,"column":49}},"type":"cond-expr","locations":[{"start":{"line":87,"column":26},"end":{"line":87,"column":35}},{"start":{"line":87,"column":38},"end":{"line":87,"column":49}}],"line":87},"5":{"loc":{"start":{"line":88,"column":15},"end":{"line":88,"column":45}},"type":"cond-expr","locations":[{"start":{"line":88,"column":26},"end":{"line":88,"column":35}},{"start":{"line":88,"column":38},"end":{"line":88,"column":45}}],"line":88},"6":{"loc":{"start":{"line":98,"column":2},"end":{"line":109,"column":3}},"type":"if","locations":[{"start":{"line":98,"column":2},"end":{"line":109,"column":3}},{"start":{},"end":{}}],"line":98},"7":{"loc":{"start":{"line":148,"column":28},"end":{"line":148,"column":66}},"type":"binary-expr","locations":[{"start":{"line":148,"column":28},"end":{"line":148,"column":55}},{"start":{"line":148,"column":59},"end":{"line":148,"column":66}}],"line":148},"8":{"loc":{"start":{"line":151,"column":19},"end":{"line":153,"column":29}},"type":"cond-expr","locations":[{"start":{"line":152,"column":22},"end":{"line":152,"column":71}},{"start":{"line":153,"column":22},"end":{"line":153,"column":29}}],"line":151},"9":{"loc":{"start":{"line":183,"column":11},"end":{"line":183,"column":79}},"type":"cond-expr","locations":[{"start":{"line":183,"column":25},"end":{"line":183,"column":49}},{"start":{"line":183,"column":52},"end":{"line":183,"column":79}}],"line":183},"10":{"loc":{"start":{"line":211,"column":13},"end":{"line":211,"column":49}},"type":"cond-expr","locations":[{"start":{"line":211,"column":27},"end":{"line":211,"column":36}},{"start":{"line":211,"column":39},"end":{"line":211,"column":49}}],"line":211}},"s":{"0":1,"1":106,"2":106,"3":106,"4":106,"5":106,"6":106,"7":18,"8":18,"9":17,"10":17,"11":106,"12":15,"13":106,"14":5,"15":2,"16":2,"17":3,"18":3,"19":5,"20":106,"21":3,"22":3,"23":3,"24":106,"25":2,"26":1,"27":1,"28":2,"29":2,"30":106,"31":2,"32":1,"33":1,"34":106,"35":183,"36":92,"37":91,"38":91,"39":91,"40":106,"41":91,"42":106,"43":15,"44":91,"45":3,"46":183,"47":2,"48":2,"49":30,"50":38},"f":{"0":106,"1":18,"2":15,"3":5,"4":3,"5":2,"6":2,"7":183,"8":91,"9":3,"10":183,"11":2,"12":2,"13":30,"14":38},"b":{"0":[2,3],"1":[1,1],"2":[1,1],"3":[92,91],"4":[91,0],"5":[91,0],"6":[15,91],"7":[183,92],"8":[91,92],"9":[38,53],"10":[38,53]},"_coverageSchema":"1a1c01bbd47fc00a2c39e90264f33305004495a9","hash":"7f21c7d9c4ff57ac223b52213aa661db81fb2f4c"}
,"/Users/volodyaskalskyi/Documents/projects/kursova-oop/frontend/src/services/api.ts": {"path":"/Users/volodyaskalskyi/Documents/projects/kursova-oop/frontend/src/services/api.ts","statementMap":{"0":{"start":{"line":4,"column":21},"end":{"line":4,"column":27}},"1":{"start":{"line":6,"column":12},"end":{"line":11,"column":2}},"2":{"start":{"line":14,"column":24},"end":{"line":38,"column":1}},"3":{"start":{"line":16,"column":25},"end":{"line":16,"column":69}},"4":{"start":{"line":17,"column":8},"end":{"line":17,"column":40}},"5":{"start":{"line":21,"column":25},"end":{"line":21,"column":73}},"6":{"start":{"line":22,"column":8},"end":{"line":22,"column":35}},"7":{"start":{"line":26,"column":25},"end":{"line":26,"column":74}},"8":{"start":{"line":27,"column":8},"end":{"line":27,"column":35}},"9":{"start":{"line":31,"column":25},"end":{"line":31,"column":79}},"10":{"start":{"line":32,"column":8},"end":{"line":32,"column":35}},"11":{"start":{"line":36,"column":8},"end":{"line":36,"column":41}},"12":{"start":{"line":41,"column":24},"end":{"line":65,"column":1}},"13":{"start":{"line":43,"column":25},"end":{"line":43,"column":81}},"14":{"start":{"line":44,"column":8},"end":{"line":44,"column":40}},"15":{"start":{"line":48,"column":25},"end":{"line":48,"column":85}},"16":{"start":{"line":49,"column":8},"end":{"line":49,"column":35}},"17":{"start":{"line":53,"column":25},"end":{"line":53,"column":86}},"18":{"start":{"line":54,"column":8},"end":{"line":54,"column":35}},"19":{"start":{"line":58,"column":25},"end":{"line":58,"column":91}},"20":{"start":{"line":59,"column":8},"end":{"line":59,"column":35}},"21":{"start":{"line":63,"column":8},"end":{"line":63,"column":41}},"22":{"start":{"line":68,"column":26},"end":{"line":88,"column":1}},"23":{"start":{"line":70,"column":25},"end":{"line":70,"column":91}},"24":{"start":{"line":71,"column":8},"end":{"line":71,"column":35}},"25":{"start":{"line":75,"column":25},"end":{"line":75,"column":87}},"26":{"start":{"line":76,"column":8},"end":{"line":76,"column":35}},"27":{"start":{"line":80,"column":25},"end":{"line":80,"column":105}},"28":{"start":{"line":81,"column":8},"end":{"line":81,"column":40}},"29":{"start":{"line":85,"column":25},"end":{"line":85,"column":91}},"30":{"start":{"line":86,"column":8},"end":{"line":86,"column":40}}},"fnMap":{"0":{"name":"(anonymous_0)","decl":{"start":{"line":15,"column":12},"end":{"line":15,"column":13}},"loc":{"start":{"line":15,"column":41},"end":{"line":18,"column":5}},"line":15},"1":{"name":"(anonymous_1)","decl":{"start":{"line":20,"column":13},"end":{"line":20,"column":14}},"loc":{"start":{"line":20,"column":50},"end":{"line":23,"column":5}},"line":20},"2":{"name":"(anonymous_2)","decl":{"start":{"line":25,"column":12},"end":{"line":25,"column":13}},"loc":{"start":{"line":25,"column":76},"end":{"line":28,"column":5}},"line":25},"3":{"name":"(anonymous_3)","decl":{"start":{"line":30,"column":12},"end":{"line":30,"column":13}},"loc":{"start":{"line":30,"column":88},"end":{"line":33,"column":5}},"line":30},"4":{"name":"(anonymous_4)","decl":{"start":{"line":35,"column":12},"end":{"line":35,"column":13}},"loc":{"start":{"line":35,"column":49},"end":{"line":37,"column":5}},"line":35},"5":{"name":"(anonymous_5)","decl":{"start":{"line":42,"column":12},"end":{"line":42,"column":13}},"loc":{"start":{"line":42,"column":53},"end":{"line":45,"column":5}},"line":42},"6":{"name":"(anonymous_6)","decl":{"start":{"line":47,"column":13},"end":{"line":47,"column":14}},"loc":{"start":{"line":47,"column":62},"end":{"line":50,"column":5}},"line":47},"7":{"name":"(anonymous_7)","decl":{"start":{"line":52,"column":12},"end":{"line":52,"column":13}},"loc":{"start":{"line":52,"column":118},"end":{"line":55,"column":5}},"line":52},"8":{"name":"(anonymous_8)","decl":{"start":{"line":57,"column":12},"end":{"line":57,"column":13}},"loc":{"start":{"line":57,"column":130},"end":{"line":60,"column":5}},"line":57},"9":{"name":"(anonymous_9)","decl":{"start":{"line":62,"column":12},"end":{"line":62,"column":13}},"loc":{"start":{"line":62,"column":49},"end":{"line":64,"column":5}},"line":62},"10":{"name":"(anonymous_10)","decl":{"start":{"line":69,"column":14},"end":{"line":69,"column":15}},"loc":{"start":{"line":69,"column":70},"end":{"line":72,"column":5}},"line":69},"11":{"name":"(anonymous_11)","decl":{"start":{"line":74,"column":14},"end":{"line":74,"column":15}},"loc":{"start":{"line":74,"column":53},"end":{"line":77,"column":5}},"line":74},"12":{"name":"(anonymous_12)","decl":{"start":{"line":79,"column":25},"end":{"line":79,"column":26}},"loc":{"start":{"line":79,"column":74},"end":{"line":82,"column":5}},"line":79},"13":{"name":"(anonymous_13)","decl":{"start":{"line":84,"column":21},"end":{"line":84,"column":22}},"loc":{"start":{"line":84,"column":57},"end":{"line":87,"column":5}},"line":84}},"branchMap":{"0":{"loc":{"start":{"line":17,"column":15},"end":{"line":17,"column":39}},"type":"binary-expr","locations":[{"start":{"line":17,"column":15},"end":{"line":17,"column":33}},{"start":{"line":17,"column":37},"end":{"line":17,"column":39}}],"line":17},"1":{"loc":{"start":{"line":44,"column":15},"end":{"line":44,"column":39}},"type":"binary-expr","locations":[{"start":{"line":44,"column":15},"end":{"line":44,"column":33}},{"start":{"line":44,"column":37},"end":{"line":44,"column":39}}],"line":44},"2":{"loc":{"start":{"line":81,"column":15},"end":{"line":81,"column":39}},"type":"binary-expr","locations":[{"start":{"line":81,"column":15},"end":{"line":81,"column":33}},{"start":{"line":81,"column":37},"end":{"line":81,"column":39}}],"line":81},"3":{"loc":{"start":{"line":86,"column":15},"end":{"line":86,"column":39}},"type":"binary-expr","locations":[{"start":{"line":86,"column":15},"end":{"line":86,"column":33}},{"start":{"line":86,"column":37},"end":{"line":86,"column":39}}],"line":86}},"s":{"0":1,"1":1,"2":1,"3":2,"4":2,"5":1,"6":1,"7":1,"8":1,"9":1,"10":1,"11":1,"12":1,"13":1,"14":1,"15":0,"16":0,"17":1,"18":1,"19":1,"20":1,"21":1,"22":1,"23":1,"24":1,"25":0,"26":0,"27":1,"28":1,"29":2,"30":2},"f":{"0":2,"1":1,"2":1,"3":1,"4":1,"5":1,"6":0,"7":1,"8":1,"9":1,"10":1,"11":0,"12":1,"13":2},"b":{"0":[2,1],"1":[1,0],"2":[1,0],"3":[2,1]},"_coverageSchema":"1a1c01bbd47fc00a2c39e90264f33305004495a9","hash":"79346a9c54ade49afbd4b853328a0e3f61341479"}
,"/Users/volodyaskalskyi/Documents/projects/kursova-oop/frontend/src/types/index.ts": {"path":"/Users/volodyaskalskyi/Documents/projects/kursova-oop/frontend/src/types/index.ts","statementMap":{},"fnMap":{},"branchMap":{},"s":{},"f":{},"b":{}}
}
