TN:
SF:src/App.tsx
FN:21,App
FNF:1
FNH:0
FNDA:0,App
DA:10,0
DA:22,0
LF:2
LH:0
BRF:0
BRH:0
end_of_record
TN:
SF:src/index.tsx
FNF:0
FNH:0
DA:5,0
DA:9,0
LF:2
LH:0
BRF:0
BRH:0
end_of_record
TN:
SF:src/components/Layout.tsx
FN:19,(anonymous_0)
FN:30,(anonymous_1)
FN:37,(anonymous_2)
FN:41,(anonymous_3)
FNF:4
FNH:0
FNDA:0,(anonymous_0)
FNDA:0,(anonymous_1)
FNDA:0,(anonymous_2)
FNDA:0,(anonymous_3)
DA:13,0
DA:19,0
DA:20,0
DA:21,0
DA:23,0
DA:30,0
DA:31,0
DA:35,0
DA:38,0
DA:41,0
DA:64,0
LF:11
LH:0
BRF:0
BRH:0
end_of_record
TN:
SF:src/pages/PaymentSimulationPage.tsx
FN:28,(anonymous_0)
FN:37,(anonymous_1)
FN:46,(anonymous_2)
FN:50,(anonymous_3)
FN:52,(anonymous_4)
FN:59,(anonymous_5)
FN:72,(anonymous_6)
FN:82,(anonymous_7)
FN:83,(anonymous_8)
FN:111,(anonymous_9)
FN:113,(anonymous_10)
FN:133,(anonymous_11)
FN:135,(anonymous_12)
FN:156,(anonymous_13)
FNF:14
FNH:0
FNDA:0,(anonymous_0)
FNDA:0,(anonymous_1)
FNDA:0,(anonymous_2)
FNDA:0,(anonymous_3)
FNDA:0,(anonymous_4)
FNDA:0,(anonymous_5)
FNDA:0,(anonymous_6)
FNDA:0,(anonymous_7)
FNDA:0,(anonymous_8)
FNDA:0,(anonymous_9)
FNDA:0,(anonymous_10)
FNDA:0,(anonymous_11)
FNDA:0,(anonymous_12)
FNDA:0,(anonymous_13)
DA:28,0
DA:29,0
DA:30,0
DA:31,0
DA:32,0
DA:33,0
DA:34,0
DA:35,0
DA:37,0
DA:38,0
DA:42,0
DA:43,0
DA:46,0
DA:47,0
DA:50,0
DA:51,0
DA:52,0
DA:53,0
DA:54,0
DA:59,0
DA:60,0
DA:62,0
DA:63,0
DA:69,0
DA:70,0
DA:72,0
DA:73,0
DA:74,0
DA:75,0
DA:76,0
DA:79,0
DA:82,0
DA:83,0
DA:85,0
DA:111,0
DA:114,0
DA:133,0
DA:136,0
DA:156,0
LF:39
LH:0
BRDA:51,0,0,0
BRDA:51,0,1,0
BRDA:53,1,0,0
BRDA:53,1,1,0
BRDA:60,2,0,0
BRDA:60,2,1,0
BRDA:60,3,0,0
BRDA:60,3,1,0
BRDA:141,4,0,0
BRDA:141,4,1,0
BRDA:156,5,0,0
BRDA:156,5,1,0
BRDA:171,6,0,0
BRDA:171,6,1,0
BRDA:171,6,2,0
BRDA:173,7,0,0
BRDA:173,7,1,0
BRDA:176,8,0,0
BRDA:176,8,1,0
BRDA:190,9,0,0
BRDA:190,9,1,0
BRDA:205,10,0,0
BRDA:205,10,1,0
BRDA:217,11,0,0
BRDA:217,11,1,0
BRDA:223,12,0,0
BRDA:223,12,1,0
BRDA:245,13,0,0
BRDA:245,13,1,0
BRF:29
BRH:0
end_of_record
TN:
SF:src/pages/PlansPage.tsx
FN:25,(anonymous_0)
FN:36,(anonymous_1)
FN:43,(anonymous_2)
FN:47,(anonymous_3)
FN:62,(anonymous_4)
FN:68,(anonymous_5)
FN:84,(anonymous_6)
FN:91,(anonymous_7)
FN:95,(anonymous_8)
FN:132,(anonymous_9)
FN:139,(anonymous_10)
FN:184,(anonymous_11)
FN:193,(anonymous_12)
FN:220,(anonymous_13)
FN:230,(anonymous_14)
FN:240,(anonymous_15)
FNF:16
FNH:15
FNDA:103,(anonymous_0)
FNDA:24,(anonymous_1)
FNDA:20,(anonymous_2)
FNDA:6,(anonymous_3)
FNDA:4,(anonymous_4)
FNDA:3,(anonymous_5)
FNDA:2,(anonymous_6)
FNDA:167,(anonymous_7)
FNDA:167,(anonymous_8)
FNDA:4,(anonymous_9)
FNDA:167,(anonymous_10)
FNDA:2,(anonymous_11)
FNDA:2,(anonymous_12)
FNDA:42,(anonymous_13)
FNDA:11,(anonymous_14)
FNDA:0,(anonymous_15)
DA:25,1
DA:26,103
DA:27,103
DA:28,103
DA:29,103
DA:30,103
DA:36,103
DA:37,24
DA:38,24
DA:39,23
DA:40,23
DA:43,103
DA:44,20
DA:47,103
DA:48,6
DA:49,2
DA:50,2
DA:56,4
DA:57,4
DA:59,6
DA:62,103
DA:63,4
DA:64,4
DA:65,4
DA:68,103
DA:69,3
DA:75,3
DA:76,1
DA:78,2
DA:80,3
DA:81,3
DA:84,103
DA:85,2
DA:86,1
DA:87,1
DA:91,103
DA:92,167
DA:95,103
DA:96,167
DA:105,103
DA:106,20
DA:118,83
DA:132,4
DA:140,167
DA:184,2
DA:193,2
DA:220,42
DA:231,11
DA:241,0
LF:49
LH:48
BRDA:48,0,0,2
BRDA:48,0,1,4
BRDA:75,1,0,1
BRDA:75,1,1,2
BRDA:85,2,0,1
BRDA:85,2,1,1
BRDA:92,3,0,84
BRDA:92,3,1,83
BRDA:99,4,0,84
BRDA:99,4,1,83
BRDA:105,5,0,20
BRDA:105,5,1,83
BRDA:172,6,0,84
BRDA:172,6,1,83
BRDA:210,7,0,25
BRDA:210,7,1,58
BRDA:255,8,0,25
BRDA:255,8,1,58
BRF:18
BRH:18
end_of_record
TN:
SF:src/pages/StatisticsPage.tsx
FN:23,(anonymous_0)
FN:27,(anonymous_1)
FN:34,(anonymous_2)
FN:73,(anonymous_3)
FN:88,(anonymous_4)
FN:89,(anonymous_5)
FN:119,(anonymous_6)
FNF:7
FNH:0
FNDA:0,(anonymous_0)
FNDA:0,(anonymous_1)
FNDA:0,(anonymous_2)
FNDA:0,(anonymous_3)
FNDA:0,(anonymous_4)
FNDA:0,(anonymous_5)
FNDA:0,(anonymous_6)
DA:23,0
DA:24,0
DA:25,0
DA:27,0
DA:28,0
DA:29,0
DA:30,0
DA:31,0
DA:34,0
DA:35,0
DA:38,0
DA:39,0
DA:52,0
DA:53,0
DA:73,0
DA:74,0
DA:75,0
DA:77,0
DA:78,0
DA:81,0
DA:82,0
DA:84,0
DA:87,0
DA:88,0
DA:89,0
DA:98,0
DA:119,0
LF:27
LH:0
BRDA:38,0,0,0
BRDA:38,0,1,0
BRDA:52,1,0,0
BRDA:52,1,1,0
BRDA:52,2,0,0
BRDA:52,2,1,0
BRDA:77,3,0,0
BRDA:77,3,1,0
BRDA:120,4,0,0
BRDA:120,4,1,0
BRDA:123,5,0,0
BRDA:123,5,1,0
BRF:12
BRH:0
end_of_record
TN:
SF:src/pages/UsersPage.tsx
FN:25,(anonymous_0)
FN:32,(anonymous_1)
FN:39,(anonymous_2)
FN:43,(anonymous_3)
FN:54,(anonymous_4)
FN:60,(anonymous_5)
FN:70,(anonymous_6)
FN:77,(anonymous_7)
FN:94,(anonymous_8)
FN:125,(anonymous_9)
FN:144,(anonymous_10)
FN:157,(anonymous_11)
FN:163,(anonymous_12)
FN:193,(anonymous_13)
FN:203,(anonymous_14)
FNF:15
FNH:15
FNDA:106,(anonymous_0)
FNDA:18,(anonymous_1)
FNDA:15,(anonymous_2)
FNDA:5,(anonymous_3)
FNDA:3,(anonymous_4)
FNDA:2,(anonymous_5)
FNDA:2,(anonymous_6)
FNDA:183,(anonymous_7)
FNDA:91,(anonymous_8)
FNDA:3,(anonymous_9)
FNDA:183,(anonymous_10)
FNDA:2,(anonymous_11)
FNDA:2,(anonymous_12)
FNDA:30,(anonymous_13)
FNDA:38,(anonymous_14)
DA:25,1
DA:26,106
DA:27,106
DA:28,106
DA:29,106
DA:30,106
DA:32,106
DA:33,18
DA:34,18
DA:35,17
DA:36,17
DA:39,106
DA:40,15
DA:43,106
DA:44,5
DA:45,2
DA:46,2
DA:48,3
DA:49,3
DA:51,5
DA:54,106
DA:55,3
DA:56,3
DA:57,3
DA:60,106
DA:61,2
DA:62,1
DA:64,1
DA:66,2
DA:67,2
DA:70,106
DA:71,2
DA:72,1
DA:73,1
DA:77,106
DA:78,183
DA:79,92
DA:82,91
DA:83,91
DA:85,91
DA:94,106
DA:95,91
DA:98,106
DA:99,15
DA:111,91
DA:125,3
DA:145,183
DA:157,2
DA:163,2
DA:193,30
DA:204,38
LF:51
LH:51
BRDA:44,0,0,2
BRDA:44,0,1,3
BRDA:61,1,0,1
BRDA:61,1,1,1
BRDA:71,2,0,1
BRDA:71,2,1,1
BRDA:78,3,0,92
BRDA:78,3,1,91
BRDA:87,4,0,91
BRDA:87,4,1,0
BRDA:88,5,0,91
BRDA:88,5,1,0
BRDA:98,6,0,15
BRDA:98,6,1,91
BRDA:148,7,0,183
BRDA:148,7,1,92
BRDA:151,8,0,91
BRDA:151,8,1,92
BRDA:183,9,0,38
BRDA:183,9,1,53
BRDA:211,10,0,38
BRDA:211,10,1,53
BRF:22
BRH:20
end_of_record
TN:
SF:src/services/api.ts
FN:15,(anonymous_0)
FN:20,(anonymous_1)
FN:25,(anonymous_2)
FN:30,(anonymous_3)
FN:35,(anonymous_4)
FN:42,(anonymous_5)
FN:47,(anonymous_6)
FN:52,(anonymous_7)
FN:57,(anonymous_8)
FN:62,(anonymous_9)
FN:69,(anonymous_10)
FN:74,(anonymous_11)
FN:79,(anonymous_12)
FN:84,(anonymous_13)
FNF:14
FNH:12
FNDA:2,(anonymous_0)
FNDA:1,(anonymous_1)
FNDA:1,(anonymous_2)
FNDA:1,(anonymous_3)
FNDA:1,(anonymous_4)
FNDA:1,(anonymous_5)
FNDA:0,(anonymous_6)
FNDA:1,(anonymous_7)
FNDA:1,(anonymous_8)
FNDA:1,(anonymous_9)
FNDA:1,(anonymous_10)
FNDA:0,(anonymous_11)
FNDA:1,(anonymous_12)
FNDA:2,(anonymous_13)
DA:4,1
DA:6,1
DA:14,1
DA:16,2
DA:17,2
DA:21,1
DA:22,1
DA:26,1
DA:27,1
DA:31,1
DA:32,1
DA:36,1
DA:41,1
DA:43,1
DA:44,1
DA:48,0
DA:49,0
DA:53,1
DA:54,1
DA:58,1
DA:59,1
DA:63,1
DA:68,1
DA:70,1
DA:71,1
DA:75,0
DA:76,0
DA:80,1
DA:81,1
DA:85,2
DA:86,2
LF:31
LH:27
BRDA:17,0,0,2
BRDA:17,0,1,1
BRDA:44,1,0,1
BRDA:44,1,1,0
BRDA:81,2,0,1
BRDA:81,2,1,0
BRDA:86,3,0,2
BRDA:86,3,1,1
BRF:8
BRH:6
end_of_record
TN:
SF:src/types/index.ts
FNF:0
FNH:0
LF:0
LH:0
BRF:0
BRH:0
end_of_record
